<?xml version="1.0" encoding="UTF-8"?>
<testsuite errors="0" failures="0" hostname="Peter-Thomass-MacBook-Air.local" name="MoveCalculatorTests" tests="10" time="0.095" timestamp="2012-06-25T21:12:45">
  <properties />
  <testcase classname="MoveCalculatorTests" name="movesEastWhenTargetIsEastOfPlayer" time="0.013" />
  <testcase classname="MoveCalculatorTests" name="movesWestWhenTargetIsWestOfPlayer" time="0.0020" />
  <testcase classname="MoveCalculatorTests" name="movesNorthWhenTargetIsNorthOfPlayer" time="0.0070" />
  <testcase classname="MoveCalculatorTests" name="movesSouthWhenTargetIsSouthOfPlayer" time="0.011" />
  <testcase classname="MoveCalculatorTests" name="doesntMoveIntoWallsWhenMovingEast" time="0.02" />
  <testcase classname="MoveCalculatorTests" name="doesntMoveIntoWallsWhenMovingWest" time="0.0020" />
  <testcase classname="MoveCalculatorTests" name="doesntMoveIntoWallsWhenMovingNorth" time="0.0030" />
  <testcase classname="MoveCalculatorTests" name="doesntMoveIntoWallsWhenMovingSouth" time="0.0020" />
  <testcase classname="MoveCalculatorTests" name="doesntMoveIntoOppositionPlayersCell" time="0.0080" />
  <ignored-testcase classname="MoveCalculatorTests" name="canMoveIntoAnIceCell" time="0.0010" />
  <system-out><![CDATA[]]></system-out>
  <system-err><![CDATA[]]></system-err>
</testsuite>
