<?xml version="1.0" encoding="UTF-8"?>
<testsuite errors="0" failures="0" hostname="Peter-Thomass-MacBook-Air.local" name="GridTests" tests="6" time="1.862" timestamp="2012-06-25T21:12:43">
  <properties />
  <testcase classname="GridTests" name="parsesStringInputIntoGrid" time="0.806" />
  <testcase classname="GridTests" name="determinesThePlayerNumber" time="0.016" />
  <testcase classname="GridTests" name="findsThePlayerPosition" time="0.019" />
  <testcase classname="GridTests" name="findsTheTargetPosition" time="0.016" />
  <testcase classname="GridTests" name="findsACellsContents" time="0.0060" />
  <testcase classname="GridTests" name="determinesWhetherACoordinateIsWithinGrid" time="0.048" />
  <system-out><![CDATA[]]></system-out>
  <system-err><![CDATA[]]></system-err>
</testsuite>
